2023-10-29 21:45:18,026 [DEBUG] torch version: 2.0.1
2023-10-29 21:45:18,026 [DEBUG] device: cuda
2023-10-29 21:45:18,027 [DEBUG] 2 GPU(s) available
2023-10-29 21:45:18,027 [DEBUG] num_workers: 8
2023-10-29 21:45:18,027 [DEBUG] batch_size: 64
2023-10-29 21:45:18,028 [DEBUG] img_size: 256
2023-10-29 21:45:18,028 [DEBUG] epochs: 3
2023-10-29 21:45:18,028 [DEBUG] Reading data from data\train.csv
2023-10-29 21:45:18,044 [DEBUG] Train shape: (18632, 2)
2023-10-29 21:45:18,045 [DEBUG] Train columns: Index(['image', 'labels'], dtype='object')
2023-10-29 21:45:18,059 [INFO] Train dataset: 14905 samples
2023-10-29 21:45:18,059 [INFO] Valid dataset: 3727 samples
2023-10-29 21:45:18,070 [DEBUG] 6 classes -> ['complex', 'frog_eye_leaf_spot', 'healthy', 'powdery_mildew', 'rust', 'scab']
2023-10-29 21:45:18,498 [DEBUG] Started training model
2023-10-29 21:45:18,498 [INFO] Started epoch [1/3]
2023-10-29 21:45:51,205 [INFO] Training: Loss = 0.698682 [   64/14905]
2023-10-29 21:47:13,387 [INFO] Training: Loss = 0.154245 [ 6464/14905]
2023-10-29 21:48:41,889 [INFO] Training: Loss = 0.093559 [12864/14905]
2023-10-29 21:50:25,174 [INFO] Validation: Accuracy=95.8%, Average_Loss=0.109351
2023-10-29 21:50:25,174 [INFO] Started epoch [2/3]
2023-10-29 21:50:51,837 [INFO] Training: Loss = 0.086476 [   64/14905]
2023-10-29 21:52:16,376 [INFO] Training: Loss = 0.106249 [ 6464/14905]
2023-10-29 21:53:45,011 [INFO] Training: Loss = 0.116918 [12864/14905]
2023-10-29 21:55:27,066 [INFO] Validation: Accuracy=96.2%, Average_Loss=0.093729
2023-10-29 21:55:27,067 [INFO] Started epoch [3/3]
2023-10-29 21:55:53,897 [INFO] Training: Loss = 0.081397 [   64/14905]
2023-10-29 21:57:18,154 [INFO] Training: Loss = 0.100609 [ 6464/14905]
2023-10-29 21:58:47,737 [INFO] Training: Loss = 0.085480 [12864/14905]
2023-10-29 22:00:28,745 [INFO] Validation: Accuracy=96.3%, Average_Loss=0.090223
2023-10-29 22:00:28,746 [DEBUG] Model trained after 15.17 minute(s)
2023-10-29 22:00:28,746 [INFO] Saved model state dict to plant-pathology.pth
